NameList -- data
density		0.200000 
eventMult	4 
initUcell	8 8 8 
intervalSum	5.00000 
limitEventCount	2000000 
limitFreePath	20000 
rangeFreePath	20.0000 
sizeHistFreePath	100 
temperature	1.00000 
----
0.00 0 0 0.000 1.499
5.00 9150 24325 0.000 1.499
10.00 18759 47941 0.000 1.499
free path
  0.1000   0.1150
  0.3000   0.1037
  0.5000   0.0983
  0.7000   0.0959
  0.9000   0.0824
  1.1000   0.0715
  1.3000   0.0607
  1.5000   0.0544
  1.7000   0.0473
  1.9000   0.0414
  2.1000   0.0324
  2.3000   0.0303
  2.5000   0.0269
  2.7000   0.0205
  2.9000   0.0175
  3.1000   0.0161
  3.3000   0.0135
  3.5000   0.0119
  3.7000   0.0097
  3.9000   0.0074
  4.1000   0.0062
  4.3000   0.0052
  4.5000   0.0049
  4.7000   0.0036
  4.9000   0.0044
  5.1000   0.0024
  5.3000   0.0026
  5.5000   0.0024
  5.7000   0.0019
  5.9000   0.0016
  6.1000   0.0014
  6.3000   0.0009
  6.5000   0.0010
  6.7000   0.0008
  6.9000   0.0004
  7.1000   0.0003
  7.3000   0.0004
  7.5000   0.0004
  7.7000   0.0003
  7.9000   0.0002
  8.1000   0.0003
  8.3000   0.0001
  8.5000   0.0002
  8.7000   0.0002
  8.9000   0.0001
  9.1000   0.0001
  9.3000   0.0003
  9.5000   0.0001
  9.7000   0.0000
  9.9000   0.0001
 10.1000   0.0001
 10.3000   0.0000
 10.5000   0.0000
 10.7000   0.0001
 10.9000   0.0000
 11.1000   0.0000
 11.3000   0.0000
 11.5000   0.0000
 11.7000   0.0000
 11.9000   0.0000
 12.1000   0.0001
 12.3000   0.0000
 12.5000   0.0000
 12.7000   0.0000
 12.9000   0.0000
 13.1000   0.0000
 13.3000   0.0000
 13.5000   0.0000
 13.7000   0.0000
 13.9000   0.0000
 14.1000   0.0000
 14.3000   0.0000
 14.5000   0.0000
 14.7000   0.0000
 14.9000   0.0000
 15.1000   0.0000
 15.3000   0.0000
 15.5000   0.0000
 15.7000   0.0000
 15.9000   0.0000
 16.1000   0.0000
 16.3000   0.0000
 16.5000   0.0000
 16.7000   0.0000
 16.9000   0.0000
 17.1000   0.0000
 17.3000   0.0000
 17.5000   0.0000
 17.7000   0.0000
 17.9000   0.0000
 18.1000   0.0000
 18.3000   0.0000
 18.5000   0.0000
 18.7000   0.0000
 18.9000   0.0000
 19.1000   0.0000
 19.3000   0.0000
 19.5000   0.0000
 19.7000   0.0000
 19.9000   0.0000
15.00 28310 71697 0.000 1.499
20.00 37938 95268 0.000 1.499
free path
  0.1000   0.1179
  0.3000   0.1060
  0.5000   0.0964
  0.7000   0.0853
  0.9000   0.0805
  1.1000   0.0732
  1.3000   0.0617
  1.5000   0.0503
  1.7000   0.0450
  1.9000   0.0382
  2.1000   0.0321
  2.3000   0.0299
  2.5000   0.0265
  2.7000   0.0215
  2.9000   0.0179
  3.1000   0.0175
  3.3000   0.0156
  3.5000   0.0129
  3.7000   0.0099
  3.9000   0.0080
  4.1000   0.0083
  4.3000   0.0063
  4.5000   0.0052
  4.7000   0.0054
  4.9000   0.0044
  5.1000   0.0036
  5.3000   0.0029
  5.5000   0.0034
  5.7000   0.0016
  5.9000   0.0016
  6.1000   0.0018
  6.3000   0.0014
  6.5000   0.0014
  6.7000   0.0010
  6.9000   0.0008
  7.1000   0.0010
  7.3000   0.0005
  7.5000   0.0005
  7.7000   0.0005
  7.9000   0.0003
  8.1000   0.0003
  8.3000   0.0002
  8.5000   0.0001
  8.7000   0.0004
  8.9000   0.0001
  9.1000   0.0001
  9.3000   0.0003
  9.5000   0.0001
  9.7000   0.0001
  9.9000   0.0000
 10.1000   0.0001
 10.3000   0.0001
 10.5000   0.0001
 10.7000   0.0000
 10.9000   0.0000
 11.1000   0.0000
 11.3000   0.0001
 11.5000   0.0001
 11.7000   0.0000
 11.9000   0.0001
 12.1000   0.0000
 12.3000   0.0000
 12.5000   0.0000
 12.7000   0.0000
 12.9000   0.0000
 13.1000   0.0000
 13.3000   0.0000
 13.5000   0.0000
 13.7000   0.0000
 13.9000   0.0000
 14.1000   0.0000
 14.3000   0.0000
 14.5000   0.0000
 14.7000   0.0000
 14.9000   0.0000
 15.1000   0.0000
 15.3000   0.0000
 15.5000   0.0000
 15.7000   0.0000
 15.9000   0.0000
 16.1000   0.0000
 16.3000   0.0000
 16.5000   0.0000
 16.7000   0.0000
 16.9000   0.0000
 17.1000   0.0000
 17.3000   0.0000
 17.5000   0.0000
 17.7000   0.0000
 17.9000   0.0000
 18.1000   0.0000
 18.3000   0.0000
 18.5000   0.0000
 18.7000   0.0000
 18.9000   0.0000
 19.1000   0.0000
 19.3000   0.0000
 19.5000   0.0000
 19.7000   0.0000
 19.9000   0.0000
25.00 47441 119035 0.000 1.499
30.00 57164 142725 0.000 1.499
free path
  0.1000   0.1159
  0.3000   0.1038
  0.5000   0.0987
  0.7000   0.0909
  0.9000   0.0774
  1.1000   0.0701
  1.3000   0.0607
  1.5000   0.0522
  1.7000   0.0464
  1.9000   0.0386
  2.1000   0.0321
  2.3000   0.0301
  2.5000   0.0261
  2.7000   0.0222
  2.9000   0.0197
  3.1000   0.0154
  3.3000   0.0151
  3.5000   0.0123
  3.7000   0.0107
  3.9000   0.0092
  4.1000   0.0065
  4.3000   0.0059
  4.5000   0.0061
  4.7000   0.0050
  4.9000   0.0035
  5.1000   0.0034
  5.3000   0.0037
  5.5000   0.0022
  5.7000   0.0026
  5.9000   0.0018
  6.1000   0.0019
  6.3000   0.0018
  6.5000   0.0014
  6.7000   0.0014
  6.9000   0.0008
  7.1000   0.0005
  7.3000   0.0006
  7.5000   0.0004
  7.7000   0.0007
  7.9000   0.0005
  8.1000   0.0003
  8.3000   0.0002
  8.5000   0.0001
  8.7000   0.0001
  8.9000   0.0003
  9.1000   0.0003
  9.3000   0.0001
  9.5000   0.0001
  9.7000   0.0001
  9.9000   0.0001
 10.1000   0.0001
 10.3000   0.0001
 10.5000   0.0000
 10.7000   0.0000
 10.9000   0.0001
 11.1000   0.0001
 11.3000   0.0000
 11.5000   0.0001
 11.7000   0.0000
 11.9000   0.0000
 12.1000   0.0000
 12.3000   0.0000
 12.5000   0.0000
 12.7000   0.0000
 12.9000   0.0000
 13.1000   0.0000
 13.3000   0.0000
 13.5000   0.0001
 13.7000   0.0000
 13.9000   0.0000
 14.1000   0.0000
 14.3000   0.0000
 14.5000   0.0000
 14.7000   0.0000
 14.9000   0.0000
 15.1000   0.0000
 15.3000   0.0000
 15.5000   0.0000
 15.7000   0.0000
 15.9000   0.0000
 16.1000   0.0000
 16.3000   0.0000
 16.5000   0.0000
 16.7000   0.0000
 16.9000   0.0000
 17.1000   0.0000
 17.3000   0.0000
 17.5000   0.0000
 17.7000   0.0000
 17.9000   0.0000
 18.1000   0.0000
 18.3000   0.0000
 18.5000   0.0000
 18.7000   0.0000
 18.9000   0.0000
 19.1000   0.0000
 19.3000   0.0000
 19.5000   0.0000
 19.7000   0.0000
 19.9000   0.0000
35.00 66739 166537 0.000 1.499
40.00 76548 190263 0.000 1.499
free path
  0.1000   0.1182
  0.3000   0.1055
  0.5000   0.0997
  0.7000   0.0929
  0.9000   0.0813
  1.1000   0.0693
  1.3000   0.0580
  1.5000   0.0514
  1.7000   0.0487
  1.9000   0.0383
  2.1000   0.0338
  2.3000   0.0279
  2.5000   0.0253
  2.7000   0.0223
  2.9000   0.0181
  3.1000   0.0146
  3.3000   0.0143
  3.5000   0.0125
  3.7000   0.0090
  3.9000   0.0092
  4.1000   0.0078
  4.3000   0.0057
  4.5000   0.0056
  4.7000   0.0053
  4.9000   0.0039
  5.1000   0.0031
  5.3000   0.0024
  5.5000   0.0027
  5.7000   0.0022
  5.9000   0.0018
  6.1000   0.0013
  6.3000   0.0014
  6.5000   0.0008
  6.7000   0.0008
  6.9000   0.0008
  7.1000   0.0006
  7.3000   0.0008
  7.5000   0.0004
  7.7000   0.0003
  7.9000   0.0003
  8.1000   0.0003
  8.3000   0.0003
  8.5000   0.0001
  8.7000   0.0003
  8.9000   0.0001
  9.1000   0.0001
  9.3000   0.0002
  9.5000   0.0001
  9.7000   0.0001
  9.9000   0.0001
 10.1000   0.0001
 10.3000   0.0001
 10.5000   0.0001
 10.7000   0.0001
 10.9000   0.0001
 11.1000   0.0000
 11.3000   0.0000
 11.5000   0.0001
 11.7000   0.0001
 11.9000   0.0000
 12.1000   0.0000
 12.3000   0.0000
 12.5000   0.0000
 12.7000   0.0000
 12.9000   0.0000
 13.1000   0.0000
 13.3000   0.0000
 13.5000   0.0000
 13.7000   0.0000
 13.9000   0.0000
 14.1000   0.0000
 14.3000   0.0000
 14.5000   0.0000
 14.7000   0.0000
 14.9000   0.0000
 15.1000   0.0000
 15.3000   0.0000
 15.5000   0.0000
 15.7000   0.0000
 15.9000   0.0000
 16.1000   0.0000
 16.3000   0.0000
 16.5000   0.0000
 16.7000   0.0000
 16.9000   0.0000
 17.1000   0.0000
 17.3000   0.0000
 17.5000   0.0000
 17.7000   0.0000
 17.9000   0.0000
 18.1000   0.0000
 18.3000   0.0000
 18.5000   0.0000
 18.7000   0.0000
 18.9000   0.0000
 19.1000   0.0000
 19.3000   0.0000
 19.5000   0.0000
 19.7000   0.0000
 19.9000   0.0000
45.00 86092 213769 0.000 1.499
50.00 95623 237509 0.000 1.499
free path
  0.1000   0.1204
  0.3000   0.1065
  0.5000   0.0984
  0.7000   0.0856
  0.9000   0.0775
  1.1000   0.0686
  1.3000   0.0586
  1.5000   0.0508
  1.7000   0.0451
  1.9000   0.0398
  2.1000   0.0362
  2.3000   0.0286
  2.5000   0.0261
  2.7000   0.0216
  2.9000   0.0198
  3.1000   0.0157
  3.3000   0.0137
  3.5000   0.0126
  3.7000   0.0105
  3.9000   0.0100
  4.1000   0.0070
  4.3000   0.0067
  4.5000   0.0057
  4.7000   0.0049
  4.9000   0.0034
  5.1000   0.0042
  5.3000   0.0027
  5.5000   0.0027
  5.7000   0.0024
  5.9000   0.0016
  6.1000   0.0024
  6.3000   0.0021
  6.5000   0.0011
  6.7000   0.0013
  6.9000   0.0008
  7.1000   0.0004
  7.3000   0.0008
  7.5000   0.0004
  7.7000   0.0003
  7.9000   0.0003
  8.1000   0.0003
  8.3000   0.0001
  8.5000   0.0003
  8.7000   0.0002
  8.9000   0.0001
  9.1000   0.0001
  9.3000   0.0003
  9.5000   0.0001
  9.7000   0.0002
  9.9000   0.0001
 10.1000   0.0001
 10.3000   0.0001
 10.5000   0.0001
 10.7000   0.0001
 10.9000   0.0000
 11.1000   0.0001
 11.3000   0.0000
 11.5000   0.0001
 11.7000   0.0000
 11.9000   0.0000
 12.1000   0.0000
 12.3000   0.0000
 12.5000   0.0000
 12.7000   0.0000
 12.9000   0.0000
 13.1000   0.0000
 13.3000   0.0000
 13.5000   0.0001
 13.7000   0.0000
 13.9000   0.0000
 14.1000   0.0000
 14.3000   0.0000
 14.5000   0.0000
 14.7000   0.0000
 14.9000   0.0000
 15.1000   0.0000
 15.3000   0.0000
 15.5000   0.0000
 15.7000   0.0000
 15.9000   0.0000
 16.1000   0.0000
 16.3000   0.0000
 16.5000   0.0000
 16.7000   0.0000
 16.9000   0.0000
 17.1000   0.0000
 17.3000   0.0000
 17.5000   0.0000
 17.7000   0.0000
 17.9000   0.0000
 18.1000   0.0000
 18.3000   0.0000
 18.5000   0.0000
 18.7000   0.0000
 18.9000   0.0000
 19.1000   0.0000
 19.3000   0.0000
 19.5000   0.0000
 19.7000   0.0000
 19.9000   0.0000
55.00 105276 261129 0.000 1.499
60.00 114827 284792 0.000 1.499
free path
  0.1000   0.1167
  0.3000   0.1092
  0.5000   0.1016
  0.7000   0.0862
  0.9000   0.0806
  1.1000   0.0727
  1.3000   0.0617
  1.5000   0.0508
  1.7000   0.0442
  1.9000   0.0389
  2.1000   0.0364
  2.3000   0.0285
  2.5000   0.0255
  2.7000   0.0208
  2.9000   0.0177
  3.1000   0.0155
  3.3000   0.0131
  3.5000   0.0117
  3.7000   0.0102
  3.9000   0.0083
  4.1000   0.0072
  4.3000   0.0060
  4.5000   0.0056
  4.7000   0.0049
  4.9000   0.0034
  5.1000   0.0032
  5.3000   0.0034
  5.5000   0.0022
  5.7000   0.0016
  5.9000   0.0019
  6.1000   0.0014
  6.3000   0.0015
  6.5000   0.0008
  6.7000   0.0008
  6.9000   0.0008
  7.1000   0.0007
  7.3000   0.0005
  7.5000   0.0006
  7.7000   0.0004
  7.9000   0.0004
  8.1000   0.0003
  8.3000   0.0003
  8.5000   0.0002
  8.7000   0.0001
  8.9000   0.0003
  9.1000   0.0001
  9.3000   0.0001
  9.5000   0.0002
  9.7000   0.0001
  9.9000   0.0001
 10.1000   0.0001
 10.3000   0.0000
 10.5000   0.0001
 10.7000   0.0001
 10.9000   0.0001
 11.1000   0.0000
 11.3000   0.0000
 11.5000   0.0001
 11.7000   0.0001
 11.9000   0.0000
 12.1000   0.0001
 12.3000   0.0000
 12.5000   0.0000
 12.7000   0.0000
 12.9000   0.0000
 13.1000   0.0000
 13.3000   0.0000
 13.5000   0.0000
 13.7000   0.0000
 13.9000   0.0000
 14.1000   0.0000
 14.3000   0.0000
 14.5000   0.0000
 14.7000   0.0000
 14.9000   0.0000
 15.1000   0.0000
 15.3000   0.0000
 15.5000   0.0000
 15.7000   0.0000
 15.9000   0.0000
 16.1000   0.0000
 16.3000   0.0000
 16.5000   0.0000
 16.7000   0.0000
 16.9000   0.0000
 17.1000   0.0000
 17.3000   0.0000
 17.5000   0.0000
 17.7000   0.0000
 17.9000   0.0000
 18.1000   0.0000
 18.3000   0.0000
 18.5000   0.0000
 18.7000   0.0000
 18.9000   0.0000
 19.1000   0.0000
 19.3000   0.0000
 19.5000   0.0000
 19.7000   0.0000
 19.9000   0.0000
65.00 124423 308529 0.000 1.499
70.00 133903 332089 0.000 1.499
free path
  0.1000   0.1180
  0.3000   0.1060
  0.5000   0.0971
  0.7000   0.0890
  0.9000   0.0789
  1.1000   0.0706
  1.3000   0.0590
  1.5000   0.0529
  1.7000   0.0447
  1.9000   0.0387
  2.1000   0.0326
  2.3000   0.0314
  2.5000   0.0265
  2.7000   0.0221
  2.9000   0.0202
  3.1000   0.0154
  3.3000   0.0146
  3.5000   0.0120
  3.7000   0.0098
  3.9000   0.0092
  4.1000   0.0070
  4.3000   0.0057
  4.5000   0.0052
  4.7000   0.0042
  4.9000   0.0042
  5.1000   0.0035
  5.3000   0.0031
  5.5000   0.0026
  5.7000   0.0024
  5.9000   0.0025
  6.1000   0.0015
  6.3000   0.0012
  6.5000   0.0013
  6.7000   0.0008
  6.9000   0.0009
  7.1000   0.0008
  7.3000   0.0006
  7.5000   0.0004
  7.7000   0.0002
  7.9000   0.0006
  8.1000   0.0003
  8.3000   0.0003
  8.5000   0.0003
  8.7000   0.0001
  8.9000   0.0003
  9.1000   0.0001
  9.3000   0.0003
  9.5000   0.0001
  9.7000   0.0001
  9.9000   0.0000
 10.1000   0.0001
 10.3000   0.0003
 10.5000   0.0001
 10.7000   0.0001
 10.9000   0.0000
 11.1000   0.0000
 11.3000   0.0000
 11.5000   0.0000
 11.7000   0.0000
 11.9000   0.0001
 12.1000   0.0000
 12.3000   0.0000
 12.5000   0.0001
 12.7000   0.0000
 12.9000   0.0000
 13.1000   0.0000
 13.3000   0.0000
 13.5000   0.0000
 13.7000   0.0000
 13.9000   0.0000
 14.1000   0.0000
 14.3000   0.0000
 14.5000   0.0000
 14.7000   0.0001
 14.9000   0.0000
 15.1000   0.0000
 15.3000   0.0000
 15.5000   0.0000
 15.7000   0.0000
 15.9000   0.0000
 16.1000   0.0000
 16.3000   0.0000
 16.5000   0.0000
 16.7000   0.0000
 16.9000   0.0000
 17.1000   0.0000
 17.3000   0.0000
 17.5000   0.0000
 17.7000   0.0000
 17.9000   0.0000
 18.1000   0.0000
 18.3000   0.0000
 18.5000   0.0000
 18.7000   0.0000
 18.9000   0.0000
 19.1000   0.0000
 19.3000   0.0000
 19.5000   0.0000
 19.7000   0.0000
 19.9000   0.0000
75.00 143519 355905 -0.000 1.499
80.00 153083 379558 0.000 1.499
free path
  0.1000   0.1167
  0.3000   0.1101
  0.5000   0.0979
  0.7000   0.0828
  0.9000   0.0805
  1.1000   0.0702
  1.3000   0.0593
  1.5000   0.0514
  1.7000   0.0466
  1.9000   0.0393
  2.1000   0.0348
  2.3000   0.0290
  2.5000   0.0247
  2.7000   0.0242
  2.9000   0.0196
  3.1000   0.0157
  3.3000   0.0146
  3.5000   0.0126
  3.7000   0.0087
  3.9000   0.0094
  4.1000   0.0078
  4.3000   0.0048
  4.5000   0.0063
  4.7000   0.0043
  4.9000   0.0037
  5.1000   0.0046
  5.3000   0.0025
  5.5000   0.0025
  5.7000   0.0022
  5.9000   0.0021
  6.1000   0.0017
  6.3000   0.0016
  6.5000   0.0013
  6.7000   0.0010
  6.9000   0.0008
  7.1000   0.0008
  7.3000   0.0006
  7.5000   0.0008
  7.7000   0.0003
  7.9000   0.0003
  8.1000   0.0004
  8.3000   0.0002
  8.5000   0.0003
  8.7000   0.0003
  8.9000   0.0001
  9.1000   0.0001
  9.3000   0.0002
  9.5000   0.0001
  9.7000   0.0000
  9.9000   0.0001
 10.1000   0.0000
 10.3000   0.0001
 10.5000   0.0001
 10.7000   0.0001
 10.9000   0.0000
 11.1000   0.0001
 11.3000   0.0000
 11.5000   0.0001
 11.7000   0.0000
 11.9000   0.0000
 12.1000   0.0000
 12.3000   0.0000
 12.5000   0.0000
 12.7000   0.0000
 12.9000   0.0000
 13.1000   0.0000
 13.3000   0.0000
 13.5000   0.0000
 13.7000   0.0000
 13.9000   0.0000
 14.1000   0.0000
 14.3000   0.0000
 14.5000   0.0000
 14.7000   0.0000
 14.9000   0.0000
 15.1000   0.0000
 15.3000   0.0000
 15.5000   0.0000
 15.7000   0.0000
 15.9000   0.0000
 16.1000   0.0000
 16.3000   0.0000
 16.5000   0.0000
 16.7000   0.0000
 16.9000   0.0000
 17.1000   0.0000
 17.3000   0.0000
 17.5000   0.0000
 17.7000   0.0000
 17.9000   0.0000
 18.1000   0.0000
 18.3000   0.0000
 18.5000   0.0000
 18.7000   0.0000
 18.9000   0.0000
 19.1000   0.0000
 19.3000   0.0000
 19.5000   0.0000
 19.7000   0.0000
 19.9000   0.0000
85.00 162773 403457 0.000 1.499
90.00 172315 427197 0.000 1.499
free path
  0.1000   0.1164
  0.3000   0.1076
  0.5000   0.1021
  0.7000   0.0879
  0.9000   0.0766
  1.1000   0.0672
  1.3000   0.0616
  1.5000   0.0525
  1.7000   0.0462
  1.9000   0.0389
  2.1000   0.0343
  2.3000   0.0308
  2.5000   0.0241
  2.7000   0.0208
  2.9000   0.0199
  3.1000   0.0169
  3.3000   0.0137
  3.5000   0.0119
  3.7000   0.0097
  3.9000   0.0093
  4.1000   0.0084
  4.3000   0.0056
  4.5000   0.0052
  4.7000   0.0045
  4.9000   0.0039
  5.1000   0.0029
  5.3000   0.0032
  5.5000   0.0024
  5.7000   0.0023
  5.9000   0.0017
  6.1000   0.0017
  6.3000   0.0016
  6.5000   0.0013
  6.7000   0.0008
  6.9000   0.0011
  7.1000   0.0008
  7.3000   0.0008
  7.5000   0.0001
  7.7000   0.0006
  7.9000   0.0003
  8.1000   0.0003
  8.3000   0.0003
  8.5000   0.0003
  8.7000   0.0004
  8.9000   0.0002
  9.1000   0.0001
  9.3000   0.0001
  9.5000   0.0001
  9.7000   0.0001
  9.9000   0.0000
 10.1000   0.0001
 10.3000   0.0001
 10.5000   0.0001
 10.7000   0.0001
 10.9000   0.0000
 11.1000   0.0001
 11.3000   0.0000
 11.5000   0.0001
 11.7000   0.0000
 11.9000   0.0000
 12.1000   0.0000
 12.3000   0.0000
 12.5000   0.0000
 12.7000   0.0000
 12.9000   0.0001
 13.1000   0.0000
 13.3000   0.0000
 13.5000   0.0000
 13.7000   0.0000
 13.9000   0.0000
 14.1000   0.0000
 14.3000   0.0000
 14.5000   0.0000
 14.7000   0.0000
 14.9000   0.0000
 15.1000   0.0000
 15.3000   0.0000
 15.5000   0.0000
 15.7000   0.0000
 15.9000   0.0000
 16.1000   0.0000
 16.3000   0.0000
 16.5000   0.0000
 16.7000   0.0000
 16.9000   0.0000
 17.1000   0.0000
 17.3000   0.0000
 17.5000   0.0000
 17.7000   0.0000
 17.9000   0.0000
 18.1000   0.0000
 18.3000   0.0000
 18.5000   0.0000
 18.7000   0.0000
 18.9000   0.0000
 19.1000   0.0000
 19.3000   0.0000
 19.5000   0.0000
 19.7000   0.0000
 19.9000   0.0000
95.00 181927 450985 0.000 1.499
100.00 191640 474509 0.000 1.499
free path
  0.1000   0.1187
  0.3000   0.1091
  0.5000   0.0977
  0.7000   0.0886
  0.9000   0.0770
  1.1000   0.0684
  1.3000   0.0612
  1.5000   0.0533
  1.7000   0.0476
  1.9000   0.0381
  2.1000   0.0341
  2.3000   0.0283
  2.5000   0.0236
  2.7000   0.0209
  2.9000   0.0181
  3.1000   0.0161
  3.3000   0.0137
  3.5000   0.0137
  3.7000   0.0097
  3.9000   0.0091
  4.1000   0.0091
  4.3000   0.0073
  4.5000   0.0046
  4.7000   0.0048
  4.9000   0.0047
  5.1000   0.0029
  5.3000   0.0035
  5.5000   0.0026
  5.7000   0.0022
  5.9000   0.0015
  6.1000   0.0013
  6.3000   0.0009
  6.5000   0.0009
  6.7000   0.0006
  6.9000   0.0010
  7.1000   0.0009
  7.3000   0.0005
  7.5000   0.0004
  7.7000   0.0004
  7.9000   0.0004
  8.1000   0.0006
  8.3000   0.0003
  8.5000   0.0001
  8.7000   0.0003
  8.9000   0.0003
  9.1000   0.0001
  9.3000   0.0001
  9.5000   0.0001
  9.7000   0.0001
  9.9000   0.0001
 10.1000   0.0000
 10.3000   0.0001
 10.5000   0.0001
 10.7000   0.0001
 10.9000   0.0000
 11.1000   0.0000
 11.3000   0.0000
 11.5000   0.0000
 11.7000   0.0001
 11.9000   0.0000
 12.1000   0.0000
 12.3000   0.0000
 12.5000   0.0000
 12.7000   0.0000
 12.9000   0.0000
 13.1000   0.0000
 13.3000   0.0000
 13.5000   0.0000
 13.7000   0.0000
 13.9000   0.0000
 14.1000   0.0000
 14.3000   0.0000
 14.5000   0.0000
 14.7000   0.0000
 14.9000   0.0000
 15.1000   0.0000
 15.3000   0.0000
 15.5000   0.0000
 15.7000   0.0001
 15.9000   0.0000
 16.1000   0.0000
 16.3000   0.0000
 16.5000   0.0000
 16.7000   0.0000
 16.9000   0.0000
 17.1000   0.0000
 17.3000   0.0000
 17.5000   0.0000
 17.7000   0.0000
 17.9000   0.0000
 18.1000   0.0000
 18.3000   0.0000
 18.5000   0.0000
 18.7000   0.0000
 18.9000   0.0000
 19.1000   0.0000
 19.3000   0.0000
 19.5000   0.0000
 19.7000   0.0000
 19.9000   0.0000
105.00 201282 498234 0.000 1.499
110.00 210929 521825 0.000 1.499
free path
  0.1000   0.1150
  0.3000   0.1087
  0.5000   0.1014
  0.7000   0.0862
  0.9000   0.0770
  1.1000   0.0690
  1.3000   0.0607
  1.5000   0.0536
  1.7000   0.0458
  1.9000   0.0396
  2.1000   0.0345
  2.3000   0.0278
  2.5000   0.0246
  2.7000   0.0224
  2.9000   0.0205
  3.1000   0.0159
  3.3000   0.0135
  3.5000   0.0117
  3.7000   0.0107
  3.9000   0.0097
  4.1000   0.0062
  4.3000   0.0072
  4.5000   0.0063
  4.7000   0.0050
  4.9000   0.0038
  5.1000   0.0029
  5.3000   0.0032
  5.5000   0.0025
  5.7000   0.0018
  5.9000   0.0017
  6.1000   0.0018
  6.3000   0.0014
  6.5000   0.0009
  6.7000   0.0013
  6.9000   0.0010
  7.1000   0.0006
  7.3000   0.0006
  7.5000   0.0003
  7.7000   0.0004
  7.9000   0.0003
  8.1000   0.0003
  8.3000   0.0002
  8.5000   0.0002
  8.7000   0.0001
  8.9000   0.0001
  9.1000   0.0003
  9.3000   0.0001
  9.5000   0.0001
  9.7000   0.0003
  9.9000   0.0001
 10.1000   0.0001
 10.3000   0.0001
 10.5000   0.0000
 10.7000   0.0001
 10.9000   0.0001
 11.1000   0.0001
 11.3000   0.0000
 11.5000   0.0000
 11.7000   0.0001
 11.9000   0.0000
 12.1000   0.0000
 12.3000   0.0000
 12.5000   0.0000
 12.7000   0.0000
 12.9000   0.0000
 13.1000   0.0001
 13.3000   0.0000
 13.5000   0.0000
 13.7000   0.0000
 13.9000   0.0000
 14.1000   0.0000
 14.3000   0.0000
 14.5000   0.0000
 14.7000   0.0000
 14.9000   0.0000
 15.1000   0.0000
 15.3000   0.0000
 15.5000   0.0000
 15.7000   0.0000
 15.9000   0.0000
 16.1000   0.0000
 16.3000   0.0000
 16.5000   0.0000
 16.7000   0.0000
 16.9000   0.0000
 17.1000   0.0000
 17.3000   0.0000
 17.5000   0.0000
 17.7000   0.0000
 17.9000   0.0000
 18.1000   0.0000
 18.3000   0.0000
 18.5000   0.0000
 18.7000   0.0000
 18.9000   0.0000
 19.1000   0.0000
 19.3000   0.0000
 19.5000   0.0000
 19.7000   0.0000
 19.9000   0.0000
115.00 220432 545430 0.000 1.499
120.00 229930 569121 0.000 1.499
125.00 239598 592884 0.000 1.499
free path
  0.1000   0.1176
  0.3000   0.1051
  0.5000   0.0988
  0.7000   0.0900
  0.9000   0.0767
  1.1000   0.0700
  1.3000   0.0611
  1.5000   0.0539
  1.7000   0.0461
  1.9000   0.0403
  2.1000   0.0332
  2.3000   0.0287
  2.5000   0.0237
  2.7000   0.0223
  2.9000   0.0190
  3.1000   0.0163
  3.3000   0.0143
  3.5000   0.0113
  3.7000   0.0105
  3.9000   0.0077
  4.1000   0.0082
  4.3000   0.0061
  4.5000   0.0052
  4.7000   0.0047
  4.9000   0.0040
  5.1000   0.0040
  5.3000   0.0031
  5.5000   0.0026
  5.7000   0.0022
  5.9000   0.0019
  6.1000   0.0021
  6.3000   0.0010
  6.5000   0.0010
  6.7000   0.0011
  6.9000   0.0009
  7.1000   0.0007
  7.3000   0.0008
  7.5000   0.0007
  7.7000   0.0006
  7.9000   0.0002
  8.1000   0.0004
  8.3000   0.0001
  8.5000   0.0001
  8.7000   0.0003
  8.9000   0.0002
  9.1000   0.0003
  9.3000   0.0001
  9.5000   0.0001
  9.7000   0.0001
  9.9000   0.0001
 10.1000   0.0001
 10.3000   0.0000
 10.5000   0.0001
 10.7000   0.0001
 10.9000   0.0001
 11.1000   0.0001
 11.3000   0.0001
 11.5000   0.0000
 11.7000   0.0000
 11.9000   0.0001
 12.1000   0.0000
 12.3000   0.0000
 12.5000   0.0000
 12.7000   0.0000
 12.9000   0.0000
 13.1000   0.0000
 13.3000   0.0000
 13.5000   0.0000
 13.7000   0.0000
 13.9000   0.0000
 14.1000   0.0000
 14.3000   0.0000
 14.5000   0.0000
 14.7000   0.0000
 14.9000   0.0000
 15.1000   0.0000
 15.3000   0.0000
 15.5000   0.0000
 15.7000   0.0000
 15.9000   0.0000
 16.1000   0.0000
 16.3000   0.0000
 16.5000   0.0000
 16.7000   0.0000
 16.9000   0.0000
 17.1000   0.0000
 17.3000   0.0000
 17.5000   0.0000
 17.7000   0.0000
 17.9000   0.0000
 18.1000   0.0000
 18.3000   0.0000
 18.5000   0.0000
 18.7000   0.0000
 18.9000   0.0000
 19.1000   0.0000
 19.3000   0.0000
 19.5000   0.0000
 19.7000   0.0000
 19.9000   0.0000
130.00 249325 616609 0.000 1.499
135.00 258839 640191 0.000 1.499
free path
  0.1000   0.1114
  0.3000   0.1085
  0.5000   0.1007
  0.7000   0.0913
  0.9000   0.0798
  1.1000   0.0687
  1.3000   0.0590
  1.5000   0.0548
  1.7000   0.0430
  1.9000   0.0386
  2.1000   0.0345
  2.3000   0.0284
  2.5000   0.0260
  2.7000   0.0246
  2.9000   0.0177
  3.1000   0.0150
  3.3000   0.0135
  3.5000   0.0116
  3.7000   0.0115
  3.9000   0.0076
  4.1000   0.0080
  4.3000   0.0063
  4.5000   0.0057
  4.7000   0.0049
  4.9000   0.0042
  5.1000   0.0035
  5.3000   0.0025
  5.5000   0.0024
  5.7000   0.0021
  5.9000   0.0024
  6.1000   0.0019
  6.3000   0.0014
  6.5000   0.0010
  6.7000   0.0011
  6.9000   0.0013
  7.1000   0.0010
  7.3000   0.0008
  7.5000   0.0004
  7.7000   0.0004
  7.9000   0.0003
  8.1000   0.0001
  8.3000   0.0003
  8.5000   0.0003
  8.7000   0.0001
  8.9000   0.0000
  9.1000   0.0003
  9.3000   0.0001
  9.5000   0.0002
  9.7000   0.0001
  9.9000   0.0001
 10.1000   0.0001
 10.3000   0.0001
 10.5000   0.0001
 10.7000   0.0001
 10.9000   0.0001
 11.1000   0.0000
 11.3000   0.0001
 11.5000   0.0000
 11.7000   0.0000
 11.9000   0.0001
 12.1000   0.0000
 12.3000   0.0001
 12.5000   0.0001
 12.7000   0.0000
 12.9000   0.0000
 13.1000   0.0000
 13.3000   0.0000
 13.5000   0.0000
 13.7000   0.0000
 13.9000   0.0000
 14.1000   0.0000
 14.3000   0.0000
 14.5000   0.0000
 14.7000   0.0000
 14.9000   0.0000
 15.1000   0.0000
 15.3000   0.0000
 15.5000   0.0000
 15.7000   0.0000
 15.9000   0.0000
 16.1000   0.0000
 16.3000   0.0000
 16.5000   0.0000
 16.7000   0.0000
 16.9000   0.0000
 17.1000   0.0000
 17.3000   0.0000
 17.5000   0.0000
 17.7000   0.0000
 17.9000   0.0000
 18.1000   0.0000
 18.3000   0.0000
 18.5000   0.0000
 18.7000   0.0000
 18.9000   0.0000
 19.1000   0.0000
 19.3000   0.0000
 19.5000   0.0000
 19.7000   0.0000
 19.9000   0.0000
140.00 268375 663908 0.000 1.499
145.00 278057 687472 0.000 1.499
free path
  0.1000   0.1192
  0.3000   0.1052
  0.5000   0.0988
  0.7000   0.0901
  0.9000   0.0772
  1.1000   0.0683
  1.3000   0.0587
  1.5000   0.0522
  1.7000   0.0433
  1.9000   0.0369
  2.1000   0.0348
  2.3000   0.0296
  2.5000   0.0250
  2.7000   0.0209
  2.9000   0.0198
  3.1000   0.0154
  3.3000   0.0149
  3.5000   0.0140
  3.7000   0.0102
  3.9000   0.0091
  4.1000   0.0083
  4.3000   0.0069
  4.5000   0.0056
  4.7000   0.0051
  4.9000   0.0046
  5.1000   0.0043
  5.3000   0.0036
  5.5000   0.0029
  5.7000   0.0021
  5.9000   0.0015
  6.1000   0.0019
  6.3000   0.0018
  6.5000   0.0012
  6.7000   0.0012
  6.9000   0.0008
  7.1000   0.0007
  7.3000   0.0005
  7.5000   0.0008
  7.7000   0.0004
  7.9000   0.0003
  8.1000   0.0004
  8.3000   0.0003
  8.5000   0.0002
  8.7000   0.0003
  8.9000   0.0001
  9.1000   0.0001
  9.3000   0.0001
  9.5000   0.0001
  9.7000   0.0002
  9.9000   0.0001
 10.1000   0.0001
 10.3000   0.0001
 10.5000   0.0001
 10.7000   0.0000
 10.9000   0.0000
 11.1000   0.0000
 11.3000   0.0001
 11.5000   0.0000
 11.7000   0.0000
 11.9000   0.0000
 12.1000   0.0001
 12.3000   0.0001
 12.5000   0.0000
 12.7000   0.0000
 12.9000   0.0000
 13.1000   0.0000
 13.3000   0.0000
 13.5000   0.0000
 13.7000   0.0000
 13.9000   0.0000
 14.1000   0.0000
 14.3000   0.0000
 14.5000   0.0000
 14.7000   0.0000
 14.9000   0.0000
 15.1000   0.0000
 15.3000   0.0000
 15.5000   0.0000
 15.7000   0.0000
 15.9000   0.0000
 16.1000   0.0000
 16.3000   0.0000
 16.5000   0.0000
 16.7000   0.0000
 16.9000   0.0000
 17.1000   0.0000
 17.3000   0.0000
 17.5000   0.0000
 17.7000   0.0000
 17.9000   0.0000
 18.1000   0.0000
 18.3000   0.0000
 18.5000   0.0000
 18.7000   0.0000
 18.9000   0.0000
 19.1000   0.0000
 19.3000   0.0000
 19.5000   0.0000
 19.7000   0.0000
 19.9000   0.0000
150.00 287704 711127 0.000 1.499
155.00 297195 734756 0.000 1.499
free path
  0.1000   0.1176
  0.3000   0.1105
  0.5000   0.0962
  0.7000   0.0888
  0.9000   0.0784
  1.1000   0.0680
  1.3000   0.0602
  1.5000   0.0505
  1.7000   0.0486
  1.9000   0.0390
  2.1000   0.0326
  2.3000   0.0277
  2.5000   0.0267
  2.7000   0.0223
  2.9000   0.0192
  3.1000   0.0165
  3.3000   0.0129
  3.5000   0.0120
  3.7000   0.0107
  3.9000   0.0080
  4.1000   0.0076
  4.3000   0.0069
  4.5000   0.0051
  4.7000   0.0048
  4.9000   0.0044
  5.1000   0.0032
  5.3000   0.0029
  5.5000   0.0027
  5.7000   0.0020
  5.9000   0.0020
  6.1000   0.0013
  6.3000   0.0019
  6.5000   0.0014
  6.7000   0.0008
  6.9000   0.0013
  7.1000   0.0005
  7.3000   0.0007
  7.5000   0.0006
  7.7000   0.0007
  7.9000   0.0003
  8.1000   0.0001
  8.3000   0.0003
  8.5000   0.0004
  8.7000   0.0003
  8.9000   0.0002
  9.1000   0.0002
  9.3000   0.0001
  9.5000   0.0001
  9.7000   0.0001
  9.9000   0.0001
 10.1000   0.0001
 10.3000   0.0001
 10.5000   0.0001
 10.7000   0.0001
 10.9000   0.0000
 11.1000   0.0000
 11.3000   0.0001
 11.5000   0.0001
 11.7000   0.0001
 11.9000   0.0000
 12.1000   0.0001
 12.3000   0.0000
 12.5000   0.0000
 12.7000   0.0000
 12.9000   0.0000
 13.1000   0.0001
 13.3000   0.0000
 13.5000   0.0000
 13.7000   0.0000
 13.9000   0.0000
 14.1000   0.0000
 14.3000   0.0000
 14.5000   0.0001
 14.7000   0.0000
 14.9000   0.0000
 15.1000   0.0000
 15.3000   0.0000
 15.5000   0.0000
 15.7000   0.0000
 15.9000   0.0000
 16.1000   0.0000
 16.3000   0.0000
 16.5000   0.0000
 16.7000   0.0000
 16.9000   0.0000
 17.1000   0.0000
 17.3000   0.0000
 17.5000   0.0000
 17.7000   0.0000
 17.9000   0.0000
 18.1000   0.0000
 18.3000   0.0000
 18.5000   0.0000
 18.7000   0.0000
 18.9000   0.0000
 19.1000   0.0000
 19.3000   0.0000
 19.5000   0.0000
 19.7000   0.0000
 19.9000   0.0000
160.00 306784 758441 0.000 1.499
165.00 316492 782114 0.000 1.499
free path
  0.1000   0.1194
  0.3000   0.1076
  0.5000   0.0989
  0.7000   0.0887
  0.9000   0.0799
  1.1000   0.0694
  1.3000   0.0609
  1.5000   0.0495
  1.7000   0.0445
  1.9000   0.0387
  2.1000   0.0346
  2.3000   0.0296
  2.5000   0.0243
  2.7000   0.0216
  2.9000   0.0181
  3.1000   0.0147
  3.3000   0.0152
  3.5000   0.0114
  3.7000   0.0098
  3.9000   0.0101
  4.1000   0.0073
  4.3000   0.0066
  4.5000   0.0059
  4.7000   0.0042
  4.9000   0.0043
  5.1000   0.0039
  5.3000   0.0034
  5.5000   0.0024
  5.7000   0.0026
  5.9000   0.0015
  6.1000   0.0010
  6.3000   0.0013
  6.5000   0.0009
  6.7000   0.0012
  6.9000   0.0009
  7.1000   0.0007
  7.3000   0.0008
  7.5000   0.0009
  7.7000   0.0004
  7.9000   0.0003
  8.1000   0.0002
  8.3000   0.0003
  8.5000   0.0001
  8.7000   0.0003
  8.9000   0.0002
  9.1000   0.0001
  9.3000   0.0001
  9.5000   0.0002
  9.7000   0.0001
  9.9000   0.0000
 10.1000   0.0001
 10.3000   0.0001
 10.5000   0.0001
 10.7000   0.0001
 10.9000   0.0001
 11.1000   0.0000
 11.3000   0.0001
 11.5000   0.0001
 11.7000   0.0000
 11.9000   0.0000
 12.1000   0.0000
 12.3000   0.0000
 12.5000   0.0000
 12.7000   0.0000
 12.9000   0.0000
 13.1000   0.0000
 13.3000   0.0000
 13.5000   0.0000
 13.7000   0.0000
 13.9000   0.0000
 14.1000   0.0000
 14.3000   0.0000
 14.5000   0.0000
 14.7000   0.0000
 14.9000   0.0000
 15.1000   0.0000
 15.3000   0.0000
 15.5000   0.0000
 15.7000   0.0000
 15.9000   0.0000
 16.1000   0.0000
 16.3000   0.0000
 16.5000   0.0000
 16.7000   0.0000
 16.9000   0.0000
 17.1000   0.0000
 17.3000   0.0000
 17.5000   0.0000
 17.7000   0.0000
 17.9000   0.0000
 18.1000   0.0000
 18.3000   0.0000
 18.5000   0.0000
 18.7000   0.0000
 18.9000   0.0000
 19.1000   0.0000
 19.3000   0.0000
 19.5000   0.0000
 19.7000   0.0000
 19.9000   0.0000
170.00 326107 805703 0.000 1.499
175.00 335672 829418 0.000 1.499
free path
  0.1000   0.1195
  0.3000   0.1066
  0.5000   0.0984
  0.7000   0.0868
  0.9000   0.0779
  1.1000   0.0678
  1.3000   0.0629
  1.5000   0.0525
  1.7000   0.0463
  1.9000   0.0398
  2.1000   0.0321
  2.3000   0.0314
  2.5000   0.0260
  2.7000   0.0229
  2.9000   0.0171
  3.1000   0.0147
  3.3000   0.0137
  3.5000   0.0122
  3.7000   0.0100
  3.9000   0.0086
  4.1000   0.0076
  4.3000   0.0063
  4.5000   0.0046
  4.7000   0.0047
  4.9000   0.0044
  5.1000   0.0038
  5.3000   0.0027
  5.5000   0.0034
  5.7000   0.0020
  5.9000   0.0018
  6.1000   0.0019
  6.3000   0.0013
  6.5000   0.0015
  6.7000   0.0008
  6.9000   0.0007
  7.1000   0.0011
  7.3000   0.0007
  7.5000   0.0006
  7.7000   0.0003
  7.9000   0.0005
  8.1000   0.0004
  8.3000   0.0004
  8.5000   0.0001
  8.7000   0.0001
  8.9000   0.0003
  9.1000   0.0001
  9.3000   0.0001
  9.5000   0.0001
  9.7000   0.0001
  9.9000   0.0000
 10.1000   0.0001
 10.3000   0.0001
 10.5000   0.0001
 10.7000   0.0000
 10.9000   0.0000
 11.1000   0.0001
 11.3000   0.0001
 11.5000   0.0000
 11.7000   0.0000
 11.9000   0.0000
 12.1000   0.0000
 12.3000   0.0000
 12.5000   0.0000
 12.7000   0.0000
 12.9000   0.0000
 13.1000   0.0000
 13.3000   0.0000
 13.5000   0.0000
 13.7000   0.0000
 13.9000   0.0000
 14.1000   0.0000
 14.3000   0.0000
 14.5000   0.0000
 14.7000   0.0000
 14.9000   0.0000
 15.1000   0.0000
 15.3000   0.0000
 15.5000   0.0000
 15.7000   0.0000
 15.9000   0.0000
 16.1000   0.0000
 16.3000   0.0000
 16.5000   0.0000
 16.7000   0.0000
 16.9000   0.0000
 17.1000   0.0000
 17.3000   0.0000
 17.5000   0.0000
 17.7000   0.0000
 17.9000   0.0000
 18.1000   0.0000
 18.3000   0.0000
 18.5000   0.0000
 18.7000   0.0000
 18.9000   0.0000
 19.1000   0.0000
 19.3000   0.0000
 19.5000   0.0000
 19.7000   0.0000
 19.9000   0.0000
180.00 345224 853174 0.000 1.499
185.00 354671 876730 0.000 1.499
free path
  0.1000   0.1173
  0.3000   0.1055
  0.5000   0.0969
  0.7000   0.0911
  0.9000   0.0765
  1.1000   0.0683
  1.3000   0.0611
  1.5000   0.0527
  1.7000   0.0459
  1.9000   0.0382
  2.1000   0.0336
  2.3000   0.0283
  2.5000   0.0273
  2.7000   0.0217
  2.9000   0.0184
  3.1000   0.0171
  3.3000   0.0149
  3.5000   0.0118
  3.7000   0.0110
  3.9000   0.0097
  4.1000   0.0076
  4.3000   0.0069
  4.5000   0.0049
  4.7000   0.0052
  4.9000   0.0042
  5.1000   0.0037
  5.3000   0.0022
  5.5000   0.0019
  5.7000   0.0019
  5.9000   0.0019
  6.1000   0.0014
  6.3000   0.0018
  6.5000   0.0015
  6.7000   0.0012
  6.9000   0.0006
  7.1000   0.0007
  7.3000   0.0008
  7.5000   0.0006
  7.7000   0.0006
  7.9000   0.0003
  8.1000   0.0002
  8.3000   0.0006
  8.5000   0.0001
  8.7000   0.0001
  8.9000   0.0003
  9.1000   0.0004
  9.3000   0.0003
  9.5000   0.0001
  9.7000   0.0001
  9.9000   0.0001
 10.1000   0.0000
 10.3000   0.0001
 10.5000   0.0001
 10.7000   0.0001
 10.9000   0.0001
 11.1000   0.0000
 11.3000   0.0000
 11.5000   0.0000
 11.7000   0.0000
 11.9000   0.0000
 12.1000   0.0001
 12.3000   0.0000
 12.5000   0.0001
 12.7000   0.0000
 12.9000   0.0000
 13.1000   0.0000
 13.3000   0.0000
 13.5000   0.0000
 13.7000   0.0000
 13.9000   0.0000
 14.1000   0.0000
 14.3000   0.0000
 14.5000   0.0000
 14.7000   0.0000
 14.9000   0.0000
 15.1000   0.0001
 15.3000   0.0000
 15.5000   0.0000
 15.7000   0.0000
 15.9000   0.0000
 16.1000   0.0000
 16.3000   0.0000
 16.5000   0.0000
 16.7000   0.0000
 16.9000   0.0000
 17.1000   0.0000
 17.3000   0.0000
 17.5000   0.0000
 17.7000   0.0000
 17.9000   0.0000
 18.1000   0.0000
 18.3000   0.0000
 18.5000   0.0000
 18.7000   0.0000
 18.9000   0.0000
 19.1000   0.0000
 19.3000   0.0000
 19.5000   0.0000
 19.7000   0.0000
 19.9000   0.0000
190.00 364295 900448 0.000 1.499
195.00 373903 924163 0.000 1.499
free path
  0.1000   0.1182
  0.3000   0.1092
  0.5000   0.0997
  0.7000   0.0871
  0.9000   0.0800
  1.1000   0.0672
  1.3000   0.0615
  1.5000   0.0520
  1.7000   0.0411
  1.9000   0.0401
  2.1000   0.0323
  2.3000   0.0303
  2.5000   0.0256
  2.7000   0.0237
  2.9000   0.0182
  3.1000   0.0156
  3.3000   0.0125
  3.5000   0.0124
  3.7000   0.0109
  3.9000   0.0084
  4.1000   0.0080
  4.3000   0.0066
  4.5000   0.0059
  4.7000   0.0046
  4.9000   0.0039
  5.1000   0.0031
  5.3000   0.0030
  5.5000   0.0028
  5.7000   0.0023
  5.9000   0.0022
  6.1000   0.0015
  6.3000   0.0016
  6.5000   0.0010
  6.7000   0.0009
  6.9000   0.0013
  7.1000   0.0007
  7.3000   0.0006
  7.5000   0.0004
  7.7000   0.0006
  7.9000   0.0006
  8.1000   0.0004
  8.3000   0.0002
  8.5000   0.0003
  8.7000   0.0001
  8.9000   0.0001
  9.1000   0.0001
  9.3000   0.0001
  9.5000   0.0001
  9.7000   0.0000
  9.9000   0.0001
 10.1000   0.0001
 10.3000   0.0001
 10.5000   0.0001
 10.7000   0.0001
 10.9000   0.0001
 11.1000   0.0001
 11.3000   0.0001
 11.5000   0.0001
 11.7000   0.0001
 11.9000   0.0001
 12.1000   0.0000
 12.3000   0.0001
 12.5000   0.0000
 12.7000   0.0000
 12.9000   0.0000
 13.1000   0.0000
 13.3000   0.0000
 13.5000   0.0000
 13.7000   0.0000
 13.9000   0.0000
 14.1000   0.0000
 14.3000   0.0000
 14.5000   0.0000
 14.7000   0.0000
 14.9000   0.0000
 15.1000   0.0000
 15.3000   0.0000
 15.5000   0.0000
 15.7000   0.0000
 15.9000   0.0000
 16.1000   0.0000
 16.3000   0.0000
 16.5000   0.0000
 16.7000   0.0000
 16.9000   0.0000
 17.1000   0.0000
 17.3000   0.0000
 17.5000   0.0000
 17.7000   0.0000
 17.9000   0.0000
 18.1000   0.0000
 18.3000   0.0000
 18.5000   0.0000
 18.7000   0.0000
 18.9000   0.0000
 19.1000   0.0000
 19.3000   0.0000
 19.5000   0.0000
 19.7000   0.0000
 19.9000   0.0000
200.00 383554 947930 -0.000 1.499
205.00 393131 971787 0.000 1.499
free path
  0.1000   0.1196
  0.3000   0.1092
  0.5000   0.0961
  0.7000   0.0924
  0.9000   0.0756
  1.1000   0.0672
  1.3000   0.0603
  1.5000   0.0529
  1.7000   0.0447
  1.9000   0.0377
  2.1000   0.0341
  2.3000   0.0300
  2.5000   0.0245
  2.7000   0.0213
  2.9000   0.0192
  3.1000   0.0171
  3.3000   0.0140
  3.5000   0.0111
  3.7000   0.0107
  3.9000   0.0098
  4.1000   0.0072
  4.3000   0.0062
  4.5000   0.0056
  4.7000   0.0046
  4.9000   0.0043
  5.1000   0.0034
  5.3000   0.0039
  5.5000   0.0023
  5.7000   0.0019
  5.9000   0.0018
  6.1000   0.0016
  6.3000   0.0011
  6.5000   0.0012
  6.7000   0.0012
  6.9000   0.0008
  7.1000   0.0008
  7.3000   0.0008
  7.5000   0.0006
  7.7000   0.0004
  7.9000   0.0004
  8.1000   0.0002
  8.3000   0.0003
  8.5000   0.0002
  8.7000   0.0002
  8.9000   0.0003
  9.1000   0.0003
  9.3000   0.0002
  9.5000   0.0001
  9.7000   0.0001
  9.9000   0.0001
 10.1000   0.0002
 10.3000   0.0001
 10.5000   0.0001
 10.7000   0.0001
 10.9000   0.0000
 11.1000   0.0001
 11.3000   0.0001
 11.5000   0.0001
 11.7000   0.0000
 11.9000   0.0001
 12.1000   0.0000
 12.3000   0.0001
 12.5000   0.0000
 12.7000   0.0000
 12.9000   0.0000
 13.1000   0.0000
 13.3000   0.0000
 13.5000   0.0000
 13.7000   0.0000
 13.9000   0.0000
 14.1000   0.0000
 14.3000   0.0000
 14.5000   0.0000
 14.7000   0.0000
 14.9000   0.0000
 15.1000   0.0000
 15.3000   0.0000
 15.5000   0.0000
 15.7000   0.0000
 15.9000   0.0000
 16.1000   0.0000
 16.3000   0.0000
 16.5000   0.0000
 16.7000   0.0000
 16.9000   0.0000
 17.1000   0.0000
 17.3000   0.0000
 17.5000   0.0000
 17.7000   0.0000
 17.9000   0.0000
 18.1000   0.0000
 18.3000   0.0000
 18.5000   0.0000
 18.7000   0.0000
 18.9000   0.0000
 19.1000   0.0000
 19.3000   0.0000
 19.5000   0.0000
 19.7000   0.0000
 19.9000   0.0000
210.00 402655 995497 0.000 1.499
215.00 412185 1019258 0.000 1.499
free path
  0.1000   0.1134
  0.3000   0.1109
  0.5000   0.1024
  0.7000   0.0844
  0.9000   0.0807
  1.1000   0.0698
  1.3000   0.0597
  1.5000   0.0522
  1.7000   0.0440
  1.9000   0.0388
  2.1000   0.0338
  2.3000   0.0297
  2.5000   0.0250
  2.7000   0.0213
  2.9000   0.0196
  3.1000   0.0162
  3.3000   0.0146
  3.5000   0.0115
  3.7000   0.0100
  3.9000   0.0080
  4.1000   0.0084
  4.3000   0.0062
  4.5000   0.0054
  4.7000   0.0047
  4.9000   0.0040
  5.1000   0.0035
  5.3000   0.0029
  5.5000   0.0029
  5.7000   0.0024
  5.9000   0.0018
  6.1000   0.0018
  6.3000   0.0014
  6.5000   0.0013
  6.7000   0.0011
  6.9000   0.0008
  7.1000   0.0006
  7.3000   0.0006
  7.5000   0.0006
  7.7000   0.0004
  7.9000   0.0003
  8.1000   0.0006
  8.3000   0.0003
  8.5000   0.0004
  8.7000   0.0002
  8.9000   0.0001
  9.1000   0.0003
  9.3000   0.0001
  9.5000   0.0001
  9.7000   0.0001
  9.9000   0.0001
 10.1000   0.0002
 10.3000   0.0001
 10.5000   0.0001
 10.7000   0.0001
 10.9000   0.0001
 11.1000   0.0001
 11.3000   0.0001
 11.5000   0.0000
 11.7000   0.0001
 11.9000   0.0001
 12.1000   0.0000
 12.3000   0.0000
 12.5000   0.0001
 12.7000   0.0000
 12.9000   0.0000
 13.1000   0.0000
 13.3000   0.0000
 13.5000   0.0000
 13.7000   0.0000
 13.9000   0.0000
 14.1000   0.0000
 14.3000   0.0000
 14.5000   0.0000
 14.7000   0.0000
 14.9000   0.0000
 15.1000   0.0000
 15.3000   0.0000
 15.5000   0.0000
 15.7000   0.0000
 15.9000   0.0000
 16.1000   0.0000
 16.3000   0.0000
 16.5000   0.0000
 16.7000   0.0000
 16.9000   0.0000
 17.1000   0.0000
 17.3000   0.0000
 17.5000   0.0000
 17.7000   0.0000
 17.9000   0.0000
 18.1000   0.0000
 18.3000   0.0000
 18.5000   0.0000
 18.7000   0.0000
 18.9000   0.0000
 19.1000   0.0000
 19.3000   0.0000
 19.5000   0.0000
 19.7000   0.0000
 19.9000   0.0000
220.00 421889 1042983 0.000 1.499
225.00 431779 1066852 0.000 1.499
free path
  0.1000   0.1233
  0.3000   0.1053
  0.5000   0.1001
  0.7000   0.0899
  0.9000   0.0786
  1.1000   0.0692
  1.3000   0.0612
  1.5000   0.0535
  1.7000   0.0445
  1.9000   0.0391
  2.1000   0.0340
  2.3000   0.0289
  2.5000   0.0245
  2.7000   0.0216
  2.9000   0.0198
  3.1000   0.0159
  3.3000   0.0129
  3.5000   0.0115
  3.7000   0.0109
  3.9000   0.0080
  4.1000   0.0065
  4.3000   0.0057
  4.5000   0.0057
  4.7000   0.0050
  4.9000   0.0037
  5.1000   0.0029
  5.3000   0.0024
  5.5000   0.0021
  5.7000   0.0016
  5.9000   0.0015
  6.1000   0.0010
  6.3000   0.0016
  6.5000   0.0014
  6.7000   0.0008
  6.9000   0.0008
  7.1000   0.0006
  7.3000   0.0005
  7.5000   0.0008
  7.7000   0.0003
  7.9000   0.0003
  8.1000   0.0003
  8.3000   0.0004
  8.5000   0.0001
  8.7000   0.0002
  8.9000   0.0001
  9.1000   0.0001
  9.3000   0.0001
  9.5000   0.0002
  9.7000   0.0001
  9.9000   0.0002
 10.1000   0.0001
 10.3000   0.0000
 10.5000   0.0000
 10.7000   0.0000
 10.9000   0.0000
 11.1000   0.0000
 11.3000   0.0000
 11.5000   0.0000
 11.7000   0.0001
 11.9000   0.0000
 12.1000   0.0000
 12.3000   0.0000
 12.5000   0.0000
 12.7000   0.0000
 12.9000   0.0000
 13.1000   0.0000
 13.3000   0.0000
 13.5000   0.0000
 13.7000   0.0000
 13.9000   0.0000
 14.1000   0.0000
 14.3000   0.0000
 14.5000   0.0000
 14.7000   0.0000
 14.9000   0.0000
 15.1000   0.0000
 15.3000   0.0000
 15.5000   0.0000
 15.7000   0.0000
 15.9000   0.0000
 16.1000   0.0000
 16.3000   0.0000
 16.5000   0.0000
 16.7000   0.0000
 16.9000   0.0000
 17.1000   0.0000
 17.3000   0.0000
 17.5000   0.0000
 17.7000   0.0000
 17.9000   0.0000
 18.1000   0.0000
 18.3000   0.0000
 18.5000   0.0000
 18.7000   0.0000
 18.9000   0.0000
 19.1000   0.0000
 19.3000   0.0000
 19.5000   0.0000
 19.7000   0.0000
 19.9000   0.0000
230.00 441457 1090445 0.000 1.499
235.00 451183 1114143 0.000 1.499
free path
  0.1000   0.1182
  0.3000   0.1095
  0.5000   0.0973
  0.7000   0.0886
  0.9000   0.0772
  1.1000   0.0690
  1.3000   0.0604
  1.5000   0.0511
  1.7000   0.0465
  1.9000   0.0389
  2.1000   0.0338
  2.3000   0.0288
  2.5000   0.0260
  2.7000   0.0220
  2.9000   0.0190
  3.1000   0.0172
  3.3000   0.0141
  3.5000   0.0109
  3.7000   0.0100
  3.9000   0.0086
  4.1000   0.0081
  4.3000   0.0066
  4.5000   0.0061
  4.7000   0.0047
  4.9000   0.0038
  5.1000   0.0034
  5.3000   0.0034
  5.5000   0.0022
  5.7000   0.0024
  5.9000   0.0019
  6.1000   0.0015
  6.3000   0.0008
  6.5000   0.0011
  6.7000   0.0012
  6.9000   0.0008
  7.1000   0.0005
  7.3000   0.0006
  7.5000   0.0004
  7.7000   0.0008
  7.9000   0.0005
  8.1000   0.0002
  8.3000   0.0002
  8.5000   0.0001
  8.7000   0.0002
  8.9000   0.0001
  9.1000   0.0002
  9.3000   0.0002
  9.5000   0.0001
  9.7000   0.0001
  9.9000   0.0001
 10.1000   0.0001
 10.3000   0.0001
 10.5000   0.0001
 10.7000   0.0001
 10.9000   0.0000
 11.1000   0.0001
 11.3000   0.0001
 11.5000   0.0000
 11.7000   0.0000
 11.9000   0.0001
 12.1000   0.0000
 12.3000   0.0000
 12.5000   0.0000
 12.7000   0.0000
 12.9000   0.0000
 13.1000   0.0000
 13.3000   0.0000
 13.5000   0.0000
 13.7000   0.0000
 13.9000   0.0000
 14.1000   0.0000
 14.3000   0.0000
 14.5000   0.0000
 14.7000   0.0000
 14.9000   0.0000
 15.1000   0.0000
 15.3000   0.0000
 15.5000   0.0000
 15.7000   0.0000
 15.9000   0.0000
 16.1000   0.0000
 16.3000   0.0000
 16.5000   0.0000
 16.7000   0.0000
 16.9000   0.0000
 17.1000   0.0000
 17.3000   0.0000
 17.5000   0.0000
 17.7000   0.0000
 17.9000   0.0000
 18.1000   0.0000
 18.3000   0.0000
 18.5000   0.0000
 18.7000   0.0000
 18.9000   0.0000
 19.1000   0.0000
 19.3000   0.0000
 19.5000   0.0000
 19.7000   0.0000
 19.9000   0.0000
240.00 460798 1137821 0.000 1.499
245.00 470166 1161317 0.000 1.499
free path
  0.1000   0.1173
  0.3000   0.1047
  0.5000   0.0960
  0.7000   0.0874
  0.9000   0.0765
  1.1000   0.0678
  1.3000   0.0571
  1.5000   0.0546
  1.7000   0.0437
  1.9000   0.0406
  2.1000   0.0357
  2.3000   0.0319
  2.5000   0.0273
  2.7000   0.0234
  2.9000   0.0184
  3.1000   0.0174
  3.3000   0.0134
  3.5000   0.0117
  3.7000   0.0118
  3.9000   0.0093
  4.1000   0.0069
  4.3000   0.0064
  4.5000   0.0053
  4.7000   0.0054
  4.9000   0.0040
  5.1000   0.0036
  5.3000   0.0032
  5.5000   0.0034
  5.7000   0.0026
  5.9000   0.0020
  6.1000   0.0015
  6.3000   0.0014
  6.5000   0.0013
  6.7000   0.0010
  6.9000   0.0006
  7.1000   0.0006
  7.3000   0.0003
  7.5000   0.0004
  7.7000   0.0003
  7.9000   0.0003
  8.1000   0.0006
  8.3000   0.0005
  8.5000   0.0003
  8.7000   0.0006
  8.9000   0.0003
  9.1000   0.0001
  9.3000   0.0001
  9.5000   0.0001
  9.7000   0.0000
  9.9000   0.0000
 10.1000   0.0001
 10.3000   0.0000
 10.5000   0.0000
 10.7000   0.0001
 10.9000   0.0001
 11.1000   0.0000
 11.3000   0.0001
 11.5000   0.0000
 11.7000   0.0001
 11.9000   0.0000
 12.1000   0.0000
 12.3000   0.0001
 12.5000   0.0000
 12.7000   0.0001
 12.9000   0.0000
 13.1000   0.0000
 13.3000   0.0000
 13.5000   0.0000
 13.7000   0.0000
 13.9000   0.0000
 14.1000   0.0000
 14.3000   0.0000
 14.5000   0.0000
 14.7000   0.0000
 14.9000   0.0000
 15.1000   0.0000
 15.3000   0.0000
 15.5000   0.0000
 15.7000   0.0000
 15.9000   0.0000
 16.1000   0.0000
 16.3000   0.0000
 16.5000   0.0000
 16.7000   0.0000
 16.9000   0.0000
 17.1000   0.0000
 17.3000   0.0000
 17.5000   0.0000
 17.7000   0.0000
 17.9000   0.0000
 18.1000   0.0000
 18.3000   0.0000
 18.5000   0.0000
 18.7000   0.0000
 18.9000   0.0000
 19.1000   0.0000
 19.3000   0.0000
 19.5000   0.0000
 19.7000   0.0000
 19.9000   0.0000
250.00 479708 1185017 0.000 1.499
255.00 489326 1208705 0.000 1.499
free path
  0.1000   0.1182
  0.3000   0.1057
  0.5000   0.0991
  0.7000   0.0918
  0.9000   0.0759
  1.1000   0.0696
  1.3000   0.0602
  1.5000   0.0537
  1.7000   0.0466
  1.9000   0.0404
  2.1000   0.0339
  2.3000   0.0296
  2.5000   0.0263
  2.7000   0.0226
  2.9000   0.0186
  3.1000   0.0159
  3.3000   0.0130
  3.5000   0.0103
  3.7000   0.0104
  3.9000   0.0078
  4.1000   0.0062
  4.3000   0.0061
  4.5000   0.0052
  4.7000   0.0053
  4.9000   0.0046
  5.1000   0.0037
  5.3000   0.0031
  5.5000   0.0025
  5.7000   0.0021
  5.9000   0.0014
  6.1000   0.0013
  6.3000   0.0013
  6.5000   0.0013
  6.7000   0.0008
  6.9000   0.0004
  7.1000   0.0007
  7.3000   0.0006
  7.5000   0.0006
  7.7000   0.0004
  7.9000   0.0008
  8.1000   0.0003
  8.3000   0.0005
  8.5000   0.0001
  8.7000   0.0001
  8.9000   0.0001
  9.1000   0.0001
  9.3000   0.0001
  9.5000   0.0001
  9.7000   0.0001
  9.9000   0.0002
 10.1000   0.0001
 10.3000   0.0001
 10.5000   0.0001
 10.7000   0.0001
 10.9000   0.0001
 11.1000   0.0001
 11.3000   0.0000
 11.5000   0.0000
 11.7000   0.0000
 11.9000   0.0000
 12.1000   0.0000
 12.3000   0.0000
 12.5000   0.0000
 12.7000   0.0001
 12.9000   0.0000
 13.1000   0.0000
 13.3000   0.0001
 13.5000   0.0000
 13.7000   0.0000
 13.9000   0.0001
 14.1000   0.0000
 14.3000   0.0000
 14.5000   0.0000
 14.7000   0.0000
 14.9000   0.0000
 15.1000   0.0000
 15.3000   0.0000
 15.5000   0.0000
 15.7000   0.0000
 15.9000   0.0000
 16.1000   0.0000
 16.3000   0.0000
 16.5000   0.0000
 16.7000   0.0000
 16.9000   0.0000
 17.1000   0.0000
 17.3000   0.0000
 17.5000   0.0000
 17.7000   0.0000
 17.9000   0.0000
 18.1000   0.0000
 18.3000   0.0000
 18.5000   0.0000
 18.7000   0.0000
 18.9000   0.0000
 19.1000   0.0000
 19.3000   0.0000
 19.5000   0.0000
 19.7000   0.0000
 19.9000   0.0000
260.00 498956 1232390 0.000 1.499
265.00 508624 1256054 0.000 1.499
270.00 518337 1279675 0.000 1.499
free path
  0.1000   0.1183
  0.3000   0.1090
  0.5000   0.1009
  0.7000   0.0873
  0.9000   0.0811
  1.1000   0.0672
  1.3000   0.0585
  1.5000   0.0519
  1.7000   0.0481
  1.9000   0.0389
  2.1000   0.0314
  2.3000   0.0277
  2.5000   0.0251
  2.7000   0.0227
  2.9000   0.0186
  3.1000   0.0173
  3.3000   0.0147
  3.5000   0.0123
  3.7000   0.0103
  3.9000   0.0089
  4.1000   0.0069
  4.3000   0.0060
  4.5000   0.0056
  4.7000   0.0039
  4.9000   0.0038
  5.1000   0.0035
  5.3000   0.0027
  5.5000   0.0024
  5.7000   0.0025
  5.9000   0.0019
  6.1000   0.0014
  6.3000   0.0011
  6.5000   0.0011
  6.7000   0.0008
  6.9000   0.0010
  7.1000   0.0008
  7.3000   0.0006
  7.5000   0.0004
  7.7000   0.0006
  7.9000   0.0006
  8.1000   0.0002
  8.3000   0.0002
  8.5000   0.0003
  8.7000   0.0001
  8.9000   0.0003
  9.1000   0.0001
  9.3000   0.0001
  9.5000   0.0003
  9.7000   0.0003
  9.9000   0.0000
 10.1000   0.0001
 10.3000   0.0001
 10.5000   0.0001
 10.7000   0.0001
 10.9000   0.0001
 11.1000   0.0000
 11.3000   0.0000
 11.5000   0.0000
 11.7000   0.0000
 11.9000   0.0000
 12.1000   0.0000
 12.3000   0.0000
 12.5000   0.0000
 12.7000   0.0000
 12.9000   0.0000
 13.1000   0.0000
 13.3000   0.0000
 13.5000   0.0000
 13.7000   0.0000
 13.9000   0.0000
 14.1000   0.0000
 14.3000   0.0000
 14.5000   0.0000
 14.7000   0.0000
 14.9000   0.0000
 15.1000   0.0000
 15.3000   0.0000
 15.5000   0.0000
 15.7000   0.0000
 15.9000   0.0000
 16.1000   0.0000
 16.3000   0.0000
 16.5000   0.0000
 16.7000   0.0000
 16.9000   0.0000
 17.1000   0.0000
 17.3000   0.0000
 17.5000   0.0000
 17.7000   0.0000
 17.9000   0.0000
 18.1000   0.0000
 18.3000   0.0000
 18.5000   0.0000
 18.7000   0.0000
 18.9000   0.0000
 19.1000   0.0000
 19.3000   0.0000
 19.5000   0.0000
 19.7000   0.0000
 19.9000   0.0000
275.00 528141 1303403 0.000 1.499
280.00 537767 1327113 0.000 1.499
free path
  0.1000   0.1177
  0.3000   0.1097
  0.5000   0.0947
  0.7000   0.0881
  0.9000   0.0819
  1.1000   0.0694
  1.3000   0.0600
  1.5000   0.0555
  1.7000   0.0458
  1.9000   0.0411
  2.1000   0.0329
  2.3000   0.0272
  2.5000   0.0265
  2.7000   0.0215
  2.9000   0.0175
  3.1000   0.0148
  3.3000   0.0143
  3.5000   0.0107
  3.7000   0.0101
  3.9000   0.0090
  4.1000   0.0072
  4.3000   0.0060
  4.5000   0.0052
  4.7000   0.0052
  4.9000   0.0046
  5.1000   0.0035
  5.3000   0.0034
  5.5000   0.0021
  5.7000   0.0026
  5.9000   0.0022
  6.1000   0.0016
  6.3000   0.0011
  6.5000   0.0011
  6.7000   0.0013
  6.9000   0.0006
  7.1000   0.0006
  7.3000   0.0006
  7.5000   0.0005
  7.7000   0.0004
  7.9000   0.0001
  8.1000   0.0006
  8.3000   0.0001
  8.5000   0.0001
  8.7000   0.0001
  8.9000   0.0001
  9.1000   0.0001
  9.3000   0.0001
  9.5000   0.0001
  9.7000   0.0001
  9.9000   0.0001
 10.1000   0.0001
 10.3000   0.0001
 10.5000   0.0001
 10.7000   0.0000
 10.9000   0.0000
 11.1000   0.0000
 11.3000   0.0001
 11.5000   0.0000
 11.7000   0.0001
 11.9000   0.0000
 12.1000   0.0000
 12.3000   0.0000
 12.5000   0.0000
 12.7000   0.0000
 12.9000   0.0000
 13.1000   0.0000
 13.3000   0.0000
 13.5000   0.0000
 13.7000   0.0000
 13.9000   0.0000
 14.1000   0.0000
 14.3000   0.0000
 14.5000   0.0000
 14.7000   0.0000
 14.9000   0.0000
 15.1000   0.0000
 15.3000   0.0000
 15.5000   0.0000
 15.7000   0.0000
 15.9000   0.0000
 16.1000   0.0000
 16.3000   0.0000
 16.5000   0.0000
 16.7000   0.0000
 16.9000   0.0000
 17.1000   0.0000
 17.3000   0.0000
 17.5000   0.0000
 17.7000   0.0000
 17.9000   0.0000
 18.1000   0.0000
 18.3000   0.0000
 18.5000   0.0000
 18.7000   0.0000
 18.9000   0.0000
 19.1000   0.0000
 19.3000   0.0000
 19.5000   0.0000
 19.7000   0.0000
 19.9000   0.0000
285.00 547315 1350541 0.000 1.499
290.00 556775 1374321 0.000 1.499
free path
  0.1000   0.1178
  0.3000   0.1074
  0.5000   0.0935
  0.7000   0.0866
  0.9000   0.0793
  1.1000   0.0685
  1.3000   0.0599
  1.5000   0.0542
  1.7000   0.0441
  1.9000   0.0383
  2.1000   0.0365
  2.3000   0.0300
  2.5000   0.0270
  2.7000   0.0233
  2.9000   0.0175
  3.1000   0.0159
  3.3000   0.0135
  3.5000   0.0125
  3.7000   0.0098
  3.9000   0.0091
  4.1000   0.0078
  4.3000   0.0060
  4.5000   0.0060
  4.7000   0.0053
  4.9000   0.0044
  5.1000   0.0033
  5.3000   0.0034
  5.5000   0.0031
  5.7000   0.0028
  5.9000   0.0018
  6.1000   0.0016
  6.3000   0.0015
  6.5000   0.0016
  6.7000   0.0011
  6.9000   0.0007
  7.1000   0.0005
  7.3000   0.0009
  7.5000   0.0003
  7.7000   0.0005
  7.9000   0.0003
  8.1000   0.0002
  8.3000   0.0003
  8.5000   0.0002
  8.7000   0.0003
  8.9000   0.0003
  9.1000   0.0001
  9.3000   0.0001
  9.5000   0.0001
  9.7000   0.0002
  9.9000   0.0000
 10.1000   0.0001
 10.3000   0.0001
 10.5000   0.0000
 10.7000   0.0000
 10.9000   0.0001
 11.1000   0.0001
 11.3000   0.0001
 11.5000   0.0000
 11.7000   0.0001
 11.9000   0.0000
 12.1000   0.0001
 12.3000   0.0001
 12.5000   0.0000
 12.7000   0.0000
 12.9000   0.0000
 13.1000   0.0000
 13.3000   0.0000
 13.5000   0.0000
 13.7000   0.0000
 13.9000   0.0000
 14.1000   0.0000
 14.3000   0.0000
 14.5000   0.0000
 14.7000   0.0000
 14.9000   0.0000
 15.1000   0.0000
 15.3000   0.0000
 15.5000   0.0000
 15.7000   0.0000
 15.9000   0.0000
 16.1000   0.0000
 16.3000   0.0000
 16.5000   0.0000
 16.7000   0.0000
 16.9000   0.0000
 17.1000   0.0000
 17.3000   0.0000
 17.5000   0.0000
 17.7000   0.0000
 17.9000   0.0000
 18.1000   0.0000
 18.3000   0.0000
 18.5000   0.0000
 18.7000   0.0000
 18.9000   0.0000
 19.1000   0.0000
 19.3000   0.0000
 19.5000   0.0000
 19.7000   0.0000
 19.9000   0.0000
295.00 566427 1398198 0.000 1.499
300.00 576081 1421904 0.000 1.499
